Using pre-set license
Built from '2020.3/staging' branch; Version is '2020.3.26f1 (7298b473bc1a) revision 7510196'; Using compiler version '192528614'; Build Type 'Release'
OS: 'Windows 10  (10.0.19043) 64bit Core' Language: 'en' Physical Memory: 16310 MB
BatchMode: 1, IsHumanControllingUs: 0, StartBugReporterOnCrash: 0, Is64bit: 1, IsPro: 0

COMMAND LINE ARGUMENTS:
Y:\Unity\2020.3.26f1\Editor\Unity.exe
-adb2
-batchMode
-noUpm
-name
AssetImportWorker0
-projectPath
C:/Users/Ardon/OneDrive/Documents/GitHub/CEN4090L-project-main (1)/CEN4090L-project-main/CEN4090L-project/Aurelia
-logFile
Logs/AssetImportWorker0.log
-srvPort
64529
Successfully changed project path to: C:/Users/Ardon/OneDrive/Documents/GitHub/CEN4090L-project-main (1)/CEN4090L-project-main/CEN4090L-project/Aurelia
C:/Users/Ardon/OneDrive/Documents/GitHub/CEN4090L-project-main (1)/CEN4090L-project-main/CEN4090L-project/Aurelia
Using Asset Import Pipeline V2.
Refreshing native plugins compatible for Editor in 66.20 ms, found 3 plugins.
Preloading 0 native plugins for Editor in 0.00 ms.
Initialize engine version: 2020.3.26f1 (7298b473bc1a)
[Subsystems] Discovering subsystems at path Y:/Unity/2020.3.26f1/Editor/Data/Resources/UnitySubsystems
[Subsystems] Discovering subsystems at path C:/Users/Ardon/OneDrive/Documents/GitHub/CEN4090L-project-main (1)/CEN4090L-project-main/CEN4090L-project/Aurelia/Assets
GfxDevice: creating device client; threaded=0
Direct3D:
    Version:  Direct3D 11.0 [level 11.1]
    Renderer: AMD Radeon RX 6600 XT (ID=0x73ff)
    Vendor:   
    VRAM:     8147 MB
    Driver:   30.0.14023.7007
Initialize mono
Mono path[0] = 'Y:/Unity/2020.3.26f1/Editor/Data/Managed'
Mono path[1] = 'Y:/Unity/2020.3.26f1/Editor/Data/MonoBleedingEdge/lib/mono/unityjit'
Mono config path = 'Y:/Unity/2020.3.26f1/Editor/Data/MonoBleedingEdge/etc'
Using monoOptions --debugger-agent=transport=dt_socket,embedding=1,server=y,suspend=n,address=127.0.0.1:56660
Begin MonoManager ReloadAssembly
Registering precompiled unity dll's ...
Register platform support module: Y:/Unity/2020.3.26f1/Editor/Data/PlaybackEngines/WebGLSupport/UnityEditor.WebGL.Extensions.dll
Register platform support module: Y:/Unity/2020.3.26f1/Editor/Data/PlaybackEngines/WindowsStandaloneSupport/UnityEditor.WindowsStandalone.Extensions.dll
Registered in 0.001841 seconds.
Native extension for WindowsStandalone target not found
Native extension for WebGL target not found
Refreshing native plugins compatible for Editor in 63.10 ms, found 3 plugins.
Preloading 0 native plugins for Editor in 0.00 ms.
Mono: successfully reloaded assembly
- Completed reload, in  0.697 seconds
Domain Reload Profiling:
	ReloadAssembly (697ms)
		BeginReloadAssembly (80ms)
			ExecutionOrderSort (0ms)
			DisableScriptedObjects (0ms)
			BackupInstance (0ms)
			ReleaseScriptingObjects (0ms)
			CreateAndSetChildDomain (1ms)
		EndReloadAssembly (536ms)
			LoadAssemblies (80ms)
			RebuildTransferFunctionScriptingTraits (0ms)
			SetupTypeCache (181ms)
			ReleaseScriptCaches (0ms)
			RebuildScriptCaches (33ms)
			SetupLoadedEditorAssemblies (211ms)
				LogAssemblyErrors (0ms)
				InitializePlatformSupportModulesInManaged (6ms)
				SetLoadedEditorAssemblies (0ms)
				RefreshPlugins (63ms)
				BeforeProcessingInitializeOnLoad (9ms)
				ProcessInitializeOnLoadAttributes (99ms)
				ProcessInitializeOnLoadMethodAttributes (33ms)
				AfterProcessingInitializeOnLoad (0ms)
				EditorAssembliesLoaded (0ms)
			ExecutionOrderSort2 (0ms)
			AwakeInstancesAfterBackupRestoration (0ms)
Platform modules already initialized, skipping
Registering precompiled user dll's ...
Registered in 0.006804 seconds.
Begin MonoManager ReloadAssembly
Native extension for WindowsStandalone target not found
Native extension for WebGL target not found
Refreshing native plugins compatible for Editor in 65.35 ms, found 3 plugins.
Preloading 0 native plugins for Editor in 0.00 ms.
Mono: successfully reloaded assembly
- Completed reload, in  1.408 seconds
Domain Reload Profiling:
	ReloadAssembly (1409ms)
		BeginReloadAssembly (181ms)
			ExecutionOrderSort (0ms)
			DisableScriptedObjects (6ms)
			BackupInstance (0ms)
			ReleaseScriptingObjects (0ms)
			CreateAndSetChildDomain (20ms)
		EndReloadAssembly (1159ms)
			LoadAssemblies (127ms)
			RebuildTransferFunctionScriptingTraits (0ms)
			SetupTypeCache (375ms)
			ReleaseScriptCaches (1ms)
			RebuildScriptCaches (57ms)
			SetupLoadedEditorAssemblies (478ms)
				LogAssemblyErrors (0ms)
				InitializePlatformSupportModulesInManaged (5ms)
				SetLoadedEditorAssemblies (0ms)
				RefreshPlugins (65ms)
				BeforeProcessingInitializeOnLoad (88ms)
				ProcessInitializeOnLoadAttributes (296ms)
				ProcessInitializeOnLoadMethodAttributes (20ms)
				AfterProcessingInitializeOnLoad (3ms)
				EditorAssembliesLoaded (0ms)
			ExecutionOrderSort2 (0ms)
			AwakeInstancesAfterBackupRestoration (8ms)
Platform modules already initialized, skipping
========================================================================
Worker process is ready to serve import requests
Launched and connected shader compiler UnityShaderCompiler.exe after 0.06 seconds
Refreshing native plugins compatible for Editor in 0.86 ms, found 3 plugins.
Preloading 0 native plugins for Editor in 0.00 ms.
Unloading 2594 Unused Serialized files (Serialized files now loaded: 0)
System memory in use before: 113.3 MB.
System memory in use after: 113.5 MB.

Unloading 31 unused Assets to reduce memory usage. Loaded Objects now: 3028.
Total: 4.054900 ms (FindLiveObjects: 0.222700 ms CreateObjectMapping: 0.068800 ms MarkObjects: 3.685400 ms  DeleteObjects: 0.076200 ms)

AssetImportParameters requested are different than current active one (requested -> active):
  custom:framework-win-MediaFoundation: 216162199b28c13a410421893ffa2e32 -> 
  custom:video-decoder-ogg-theora: a1e56fd34408186e4bbccfd4996cb3dc -> 
  custom:container-muxer-webm: aa71ff27fc2769a1b78a27578f13a17b -> 
  custom:container-demuxer-webm: 4f35f7cbe854078d1ac9338744f61a02 -> 
  custom:container-demuxer-ogg: 62fdf1f143b41e24485cea50d1cbac27 -> 
  custom:video-encoder-webm-vp8: eb34c28f22e8b96e1ab97ce403110664 -> 
  custom:video-decoder-webm-vp8: 9c59270c3fd7afecdb556c50c9e8de78 -> 
  custom:audio-decoder-ogg-vorbis: bf7c407c2cedff20999df2af8eb42d56 -> 
  custom:audio-encoder-webm-vorbis: bf7c407c2cedff20999df2af8eb42d56 -> 
========================================================================
Received Import Request.
  path: Assets/Scripts/Interaction
  artifactKey: Guid(0c3e4b5f13b6dbc44a1b6de30a0a27fe) Importer(815301076,1909f56bfc062723c751e8b465ee728b)
Start importing Assets/Scripts/Interaction using Guid(0c3e4b5f13b6dbc44a1b6de30a0a27fe) Importer(815301076,1909f56bfc062723c751e8b465ee728b)  -> (artifact id: 'a84366f858caf3f0fe46ed27d5382f06') in 0.006898 seconds 
  Import took 0.010569 seconds .

========================================================================
Received Import Request.
  Time since last request: 2.821317 seconds.
  path: Assets/Scripts/Camera
  artifactKey: Guid(9e99de21cedf2cb4097e65418eb23f35) Importer(815301076,1909f56bfc062723c751e8b465ee728b)
Start importing Assets/Scripts/Camera using Guid(9e99de21cedf2cb4097e65418eb23f35) Importer(815301076,1909f56bfc062723c751e8b465ee728b)  -> (artifact id: '71bbcc0bde85bc96a67621d1ef0b77c8') in 0.004583 seconds 
  Import took 0.008200 seconds .

========================================================================
Received Import Request.
  Time since last request: 0.546901 seconds.
  path: Assets/Scripts/Core
  artifactKey: Guid(9710fd6d9c9a867428838a570aea147c) Importer(815301076,1909f56bfc062723c751e8b465ee728b)
Start importing Assets/Scripts/Core using Guid(9710fd6d9c9a867428838a570aea147c) Importer(815301076,1909f56bfc062723c751e8b465ee728b)  -> (artifact id: '6dc2caf1c467ac02aaf74102fabe4588') in 0.005042 seconds 
  Import took 0.009082 seconds .

========================================================================
Received Import Request.
  Time since last request: 0.116912 seconds.
  path: Assets/Scripts/Core/PlayerControls.inputactions
  artifactKey: Guid(4fc99264d6aa2ed42b598c49cbaf191e) Importer(815301076,1909f56bfc062723c751e8b465ee728b)
Start importing Assets/Scripts/Core/PlayerControls.inputactions using Guid(4fc99264d6aa2ed42b598c49cbaf191e) Importer(815301076,1909f56bfc062723c751e8b465ee728b)  -> (artifact id: '2d34d989b08f5baa2e905cd583893e56') in 0.042259 seconds 
  Import took 0.045911 seconds .

========================================================================
Received Import Request.
  Time since last request: 1.509847 seconds.
  path: Assets/Scripts/Core/Player.cs
  artifactKey: Guid(b7bc65d0ed6136a4ea53c932cd63d59a) Importer(815301076,1909f56bfc062723c751e8b465ee728b)
Start importing Assets/Scripts/Core/Player.cs using Guid(b7bc65d0ed6136a4ea53c932cd63d59a) Importer(815301076,1909f56bfc062723c751e8b465ee728b)  -> (artifact id: 'a690dab5c272d53fad814133e498cf3c') in 0.007158 seconds 
  Import took 0.010856 seconds .

AssetImportWorkerClient::OnTransportError - code=2 error=End of file
