Using pre-set license
Built from '2020.3/staging' branch; Version is '2020.3.26f1 (7298b473bc1a) revision 7510196'; Using compiler version '192528614'; Build Type 'Release'
OS: 'Windows 10  (10.0.19044) 64bit Professional' Language: 'en' Physical Memory: 16103 MB
BatchMode: 1, IsHumanControllingUs: 0, StartBugReporterOnCrash: 0, Is64bit: 1, IsPro: 0

COMMAND LINE ARGUMENTS:
C:\Program Files\Unity\Hub\Editor\2020.3.26f1\Editor\Unity.exe
-adb2
-batchMode
-noUpm
-name
AssetImportWorker2
-projectPath
C:/Users/iangu/Desktop/GitHub/CEN4090L-project/Aurelia
-logFile
Logs/AssetImportWorker2.log
-srvPort
61627
Successfully changed project path to: C:/Users/iangu/Desktop/GitHub/CEN4090L-project/Aurelia
C:/Users/iangu/Desktop/GitHub/CEN4090L-project/Aurelia
Using Asset Import Pipeline V2.
Refreshing native plugins compatible for Editor in 170.98 ms, found 3 plugins.
Preloading 0 native plugins for Editor in 0.00 ms.
Initialize engine version: 2020.3.26f1 (7298b473bc1a)
[Subsystems] Discovering subsystems at path C:/Program Files/Unity/Hub/Editor/2020.3.26f1/Editor/Data/Resources/UnitySubsystems
[Subsystems] Discovering subsystems at path C:/Users/iangu/Desktop/GitHub/CEN4090L-project/Aurelia/Assets
GfxDevice: creating device client; threaded=0
Direct3D:
    Version:  Direct3D 11.0 [level 11.1]
    Renderer: NVIDIA T500 (ID=0x1fbb)
    Vendor:   
    VRAM:     3968 MB
    Driver:   30.0.14.7291
Initialize mono
Mono path[0] = 'C:/Program Files/Unity/Hub/Editor/2020.3.26f1/Editor/Data/Managed'
Mono path[1] = 'C:/Program Files/Unity/Hub/Editor/2020.3.26f1/Editor/Data/MonoBleedingEdge/lib/mono/unityjit'
Mono config path = 'C:/Program Files/Unity/Hub/Editor/2020.3.26f1/Editor/Data/MonoBleedingEdge/etc'
Using monoOptions --debugger-agent=transport=dt_socket,embedding=1,server=y,suspend=n,address=127.0.0.1:56444
Begin MonoManager ReloadAssembly
Registering precompiled unity dll's ...
Register platform support module: C:/Program Files/Unity/Hub/Editor/2020.3.26f1/Editor/Data/PlaybackEngines/WebGLSupport/UnityEditor.WebGL.Extensions.dll
Register platform support module: C:/Program Files/Unity/Hub/Editor/2020.3.26f1/Editor/Data/PlaybackEngines/WindowsStandaloneSupport/UnityEditor.WindowsStandalone.Extensions.dll
Registered in 0.004359 seconds.
Native extension for WindowsStandalone target not found
Native extension for WebGL target not found
Refreshing native plugins compatible for Editor in 176.52 ms, found 3 plugins.
Preloading 0 native plugins for Editor in 0.00 ms.
Mono: successfully reloaded assembly
- Completed reload, in  1.150 seconds
Domain Reload Profiling:
	ReloadAssembly (1150ms)
		BeginReloadAssembly (60ms)
			ExecutionOrderSort (0ms)
			DisableScriptedObjects (0ms)
			BackupInstance (0ms)
			ReleaseScriptingObjects (0ms)
			CreateAndSetChildDomain (1ms)
		EndReloadAssembly (989ms)
			LoadAssemblies (61ms)
			RebuildTransferFunctionScriptingTraits (0ms)
			SetupTypeCache (294ms)
			ReleaseScriptCaches (0ms)
			RebuildScriptCaches (52ms)
			SetupLoadedEditorAssemblies (440ms)
				LogAssemblyErrors (0ms)
				InitializePlatformSupportModulesInManaged (15ms)
				SetLoadedEditorAssemblies (1ms)
				RefreshPlugins (177ms)
				BeforeProcessingInitializeOnLoad (36ms)
				ProcessInitializeOnLoadAttributes (160ms)
				ProcessInitializeOnLoadMethodAttributes (51ms)
				AfterProcessingInitializeOnLoad (0ms)
				EditorAssembliesLoaded (0ms)
			ExecutionOrderSort2 (0ms)
			AwakeInstancesAfterBackupRestoration (0ms)
Platform modules already initialized, skipping
Registering precompiled user dll's ...
Registered in 0.007892 seconds.
Begin MonoManager ReloadAssembly
Native extension for WindowsStandalone target not found
Native extension for WebGL target not found
Refreshing native plugins compatible for Editor in 183.81 ms, found 3 plugins.
Preloading 0 native plugins for Editor in 0.00 ms.
Mono: successfully reloaded assembly
- Completed reload, in 12.265 seconds
Domain Reload Profiling:
	ReloadAssembly (12275ms)
		BeginReloadAssembly (232ms)
			ExecutionOrderSort (0ms)
			DisableScriptedObjects (10ms)
			BackupInstance (0ms)
			ReleaseScriptingObjects (0ms)
			CreateAndSetChildDomain (52ms)
		EndReloadAssembly (11923ms)
			LoadAssemblies (7084ms)
			RebuildTransferFunctionScriptingTraits (0ms)
			SetupTypeCache (2063ms)
			ReleaseScriptCaches (1ms)
			RebuildScriptCaches (123ms)
			SetupLoadedEditorAssemblies (2443ms)
				LogAssemblyErrors (0ms)
				InitializePlatformSupportModulesInManaged (8ms)
				SetLoadedEditorAssemblies (0ms)
				RefreshPlugins (184ms)
				BeforeProcessingInitializeOnLoad (218ms)
				ProcessInitializeOnLoadAttributes (795ms)
				ProcessInitializeOnLoadMethodAttributes (1232ms)
				AfterProcessingInitializeOnLoad (6ms)
				EditorAssembliesLoaded (0ms)
			ExecutionOrderSort2 (0ms)
			AwakeInstancesAfterBackupRestoration (11ms)
Platform modules already initialized, skipping
========================================================================
Worker process is ready to serve import requests
Launched and connected shader compiler UnityShaderCompiler.exe after 0.10 seconds
Refreshing native plugins compatible for Editor in 1.37 ms, found 3 plugins.
Preloading 0 native plugins for Editor in 0.00 ms.
Unloading 3894 Unused Serialized files (Serialized files now loaded: 0)
System memory in use before: 165.7 MB.
System memory in use after: 165.9 MB.

Unloading 33 unused Assets to reduce memory usage. Loaded Objects now: 4330.
Total: 13.433600 ms (FindLiveObjects: 0.915000 ms CreateObjectMapping: 0.369400 ms MarkObjects: 11.723000 ms  DeleteObjects: 0.421100 ms)

AssetImportParameters requested are different than current active one (requested -> active):
  custom:framework-win-MediaFoundation: 216162199b28c13a410421893ffa2e32 -> 
  custom:video-decoder-ogg-theora: a1e56fd34408186e4bbccfd4996cb3dc -> 
  custom:container-muxer-webm: aa71ff27fc2769a1b78a27578f13a17b -> 
  custom:container-demuxer-webm: 4f35f7cbe854078d1ac9338744f61a02 -> 
  custom:container-demuxer-ogg: 62fdf1f143b41e24485cea50d1cbac27 -> 
  custom:video-encoder-webm-vp8: eb34c28f22e8b96e1ab97ce403110664 -> 
  custom:video-codec-MediaFoundation-h265: 746d11721c4dcdbdad8f713fa42b33f4 -> 
  custom:video-decoder-webm-vp8: 9c59270c3fd7afecdb556c50c9e8de78 -> 
  custom:audio-decoder-ogg-vorbis: bf7c407c2cedff20999df2af8eb42d56 -> 
  custom:audio-encoder-webm-vorbis: bf7c407c2cedff20999df2af8eb42d56 -> 
========================================================================
Received Import Request.
  path: Assets/Audio/Uplifting Orchestra _ Inspirational Background Music #nocopyrightmusic #ncp #nocopyrightplay (64 kbps).mp3
  artifactKey: Guid(6821244c2b2d24e428113d67dab12c6d) Importer(815301076,1909f56bfc062723c751e8b465ee728b)
Start importing Assets/Audio/Uplifting Orchestra _ Inspirational Background Music #nocopyrightmusic #ncp #nocopyrightplay (64 kbps).mp3 using Guid(6821244c2b2d24e428113d67dab12c6d) Importer(815301076,1909f56bfc062723c751e8b465ee728b)  -> (artifact id: '7f51e29d783122ef8a462c9a3d5714d1') in 0.267261 seconds 
  Import took 0.286518 seconds .

========================================================================
Received Import Request.
  Time since last request: 0.000300 seconds.
  path: Assets/Audio/Lighting Strike and Thunder Sound Effect (128 kbps).mp3
  artifactKey: Guid(c17d601d9d8d174409d7159bd913dc24) Importer(815301076,1909f56bfc062723c751e8b465ee728b)
Start importing Assets/Audio/Lighting Strike and Thunder Sound Effect (128 kbps).mp3 using Guid(c17d601d9d8d174409d7159bd913dc24) Importer(815301076,1909f56bfc062723c751e8b465ee728b)  -> (artifact id: '599293e1b3d3a92a848c5dfe682a32ac') in 0.040073 seconds 
  Import took 0.053192 seconds .

========================================================================
Received Import Request.
  Time since last request: 0.000224 seconds.
  path: Assets/Audio/The Wind Whistling Spinnings Storm Sand Gust Desert Whips (128 kbps).mp3
  artifactKey: Guid(23a741048f8399c48b477ec0fd94254e) Importer(815301076,1909f56bfc062723c751e8b465ee728b)
Start importing Assets/Audio/The Wind Whistling Spinnings Storm Sand Gust Desert Whips (128 kbps).mp3 using Guid(23a741048f8399c48b477ec0fd94254e) Importer(815301076,1909f56bfc062723c751e8b465ee728b)  -> (artifact id: 'cd62210e54b212de1620f22401a52986') in 0.041618 seconds 
  Import took 0.053735 seconds .

========================================================================
Received Import Request.
  Time since last request: 0.000779 seconds.
  path: Assets/Audio/Snowstorm Sound Effect - Winter Storm - Blizzard (128 kbps).mp3
  artifactKey: Guid(79a1c7461d24f1447adca0bf818b2123) Importer(815301076,1909f56bfc062723c751e8b465ee728b)
Start importing Assets/Audio/Snowstorm Sound Effect - Winter Storm - Blizzard (128 kbps).mp3 using Guid(79a1c7461d24f1447adca0bf818b2123) Importer(815301076,1909f56bfc062723c751e8b465ee728b)  -> (artifact id: '6e2761f2bea30d1f1b3b330038d15a31') in 0.034756 seconds 
  Import took 0.054339 seconds .

========================================================================
Received Import Request.
  Time since last request: 0.000300 seconds.
  path: Assets/Audio/Dark Magic Music _ The Craft (64 kbps).mp3
  artifactKey: Guid(09883ed60d53da149b51f58d57d9d780) Importer(815301076,1909f56bfc062723c751e8b465ee728b)
Start importing Assets/Audio/Dark Magic Music _ The Craft (64 kbps).mp3 using Guid(09883ed60d53da149b51f58d57d9d780) Importer(815301076,1909f56bfc062723c751e8b465ee728b)  -> (artifact id: '8acf607f0e680e387b82bde1045652c6') in 0.037976 seconds 
  Import took 0.045390 seconds .

========================================================================
Received Import Request.
  Time since last request: 0.000825 seconds.
  path: Assets/Audio/Ancient Arabian Music - Camel Riders (64 kbps).mp3
  artifactKey: Guid(d28ccf05ff7a7ed40865e4b9993f81b0) Importer(815301076,1909f56bfc062723c751e8b465ee728b)
Start importing Assets/Audio/Ancient Arabian Music - Camel Riders (64 kbps).mp3 using Guid(d28ccf05ff7a7ed40865e4b9993f81b0) Importer(815301076,1909f56bfc062723c751e8b465ee728b)  -> (artifact id: 'e381699a11f93d0f02942f303d2f47c0') in 0.035171 seconds 
  Import took 0.055743 seconds .

========================================================================
Received Import Request.
  Time since last request: 0.000874 seconds.
  path: Assets/Audio/Heavy rain no copyright sound effect (128 kbps).mp3
  artifactKey: Guid(7f736b17e072b5e4a87f4046759b4078) Importer(815301076,1909f56bfc062723c751e8b465ee728b)
Start importing Assets/Audio/Heavy rain no copyright sound effect (128 kbps).mp3 using Guid(7f736b17e072b5e4a87f4046759b4078) Importer(815301076,1909f56bfc062723c751e8b465ee728b)  -> (artifact id: '94c797ecd4767b8053f01a623e2ee8ed') in 0.040395 seconds 
  Import took 0.056198 seconds .

========================================================================
Received Import Request.
  Time since last request: 0.000223 seconds.
  path: Assets/Audio/Goëtia. _ Dark Magic Music (64 kbps).mp3
  artifactKey: Guid(60c2f8551c2d29d4e987a8b2c35840ed) Importer(815301076,1909f56bfc062723c751e8b465ee728b)
Start importing Assets/Audio/Goëtia. _ Dark Magic Music (64 kbps).mp3 using Guid(60c2f8551c2d29d4e987a8b2c35840ed) Importer(815301076,1909f56bfc062723c751e8b465ee728b)  -> (artifact id: '76a78800a7cb8493c18a8ef34a9879c4') in 0.030856 seconds 
  Import took 0.052055 seconds .

========================================================================
Received Import Request.
  Time since last request: 68.026537 seconds.
  path: Assets/Scenes/End Level.unity
  artifactKey: Guid(7bcb62ef39afbc748a5b86753259b035) Importer(815301076,1909f56bfc062723c751e8b465ee728b)
Start importing Assets/Scenes/End Level.unity using Guid(7bcb62ef39afbc748a5b86753259b035) Importer(815301076,1909f56bfc062723c751e8b465ee728b)  -> (artifact id: '2fa6d24c5a67d103d3df26e342991c59') in 0.012257 seconds 
  Import took 0.024976 seconds .

========================================================================
Received Import Request.
  Time since last request: 125.935518 seconds.
  path: Assets/Prefabs/Button.prefab
  artifactKey: Guid(e6587ef56489c51408b38fddc4ebb61a) Importer(815301076,1909f56bfc062723c751e8b465ee728b)
Start importing Assets/Prefabs/Button.prefab using Guid(e6587ef56489c51408b38fddc4ebb61a) Importer(815301076,1909f56bfc062723c751e8b465ee728b)  -> (artifact id: 'af6e4b4a67814e3638d6e0444c9d4fa9') in 0.125347 seconds 
  Import took 0.139607 seconds .

========================================================================
Received Import Request.
  Time since last request: 0.000568 seconds.
  path: Assets/Prefabs/Ghost.prefab
  artifactKey: Guid(3c786755527e2fb438ffb6a385c7b656) Importer(815301076,1909f56bfc062723c751e8b465ee728b)
Start importing Assets/Prefabs/Ghost.prefab using Guid(3c786755527e2fb438ffb6a385c7b656) Importer(815301076,1909f56bfc062723c751e8b465ee728b)  -> (artifact id: '5b03d02889b18f8406b5180d3c2348c6') in 0.255860 seconds 
  Import took 0.268838 seconds .

========================================================================
Received Import Request.
  Time since last request: 0.000489 seconds.
  path: Assets/Prefabs/LevelLoader.prefab
  artifactKey: Guid(42ffb595c2559d64782052c8beb594d4) Importer(815301076,1909f56bfc062723c751e8b465ee728b)
Start importing Assets/Prefabs/LevelLoader.prefab using Guid(42ffb595c2559d64782052c8beb594d4) Importer(815301076,1909f56bfc062723c751e8b465ee728b)  -> (artifact id: '335b6ebc93fe5a08638c93d02cc10884') in 0.023081 seconds 
  Import took 0.036197 seconds .

========================================================================
Received Import Request.
  Time since last request: 39.504179 seconds.
  path: Assets/TextMesh Pro/Resources/Fonts & Materials/LiberationSans SDF - Drop Shadow.mat
  artifactKey: Guid(e73a58f6e2794ae7b1b7e50b7fb811b0) Importer(815301076,1909f56bfc062723c751e8b465ee728b)
Start importing Assets/TextMesh Pro/Resources/Fonts & Materials/LiberationSans SDF - Drop Shadow.mat using Guid(e73a58f6e2794ae7b1b7e50b7fb811b0) Importer(815301076,1909f56bfc062723c751e8b465ee728b)  -> (artifact id: '216705e08ddcec1b58470cadcb486ea6') in 0.093253 seconds 
  Import took 0.104593 seconds .

========================================================================
Received Import Request.
  Time since last request: 0.000333 seconds.
  path: Assets/TextMesh Pro/Resources/Fonts & Materials/LiberationSans SDF - Outline.mat
  artifactKey: Guid(79459efec17a4d00a321bdcc27bbc385) Importer(815301076,1909f56bfc062723c751e8b465ee728b)
Start importing Assets/TextMesh Pro/Resources/Fonts & Materials/LiberationSans SDF - Outline.mat using Guid(79459efec17a4d00a321bdcc27bbc385) Importer(815301076,1909f56bfc062723c751e8b465ee728b)  -> (artifact id: '25e06b60e9bec7b374d814bf98b607be') in 0.050472 seconds 
  Import took 0.063580 seconds .

========================================================================
Received Import Request.
  Time since last request: 0.000271 seconds.
  path: Assets/TextMesh Pro/Resources/Fonts & Materials/LiberationSans SDF - Fallback.asset
  artifactKey: Guid(2e498d1c8094910479dc3e1b768306a4) Importer(815301076,1909f56bfc062723c751e8b465ee728b)
Start importing Assets/TextMesh Pro/Resources/Fonts & Materials/LiberationSans SDF - Fallback.asset using Guid(2e498d1c8094910479dc3e1b768306a4) Importer(815301076,1909f56bfc062723c751e8b465ee728b)  -> (artifact id: 'a14b842fb29a1d38e0441c3cae18e76a') in 0.052130 seconds 
  Import took 0.068119 seconds .

========================================================================
Received Import Request.
  Time since last request: 0.000314 seconds.
  path: Assets/TextMesh Pro/Resources/Fonts & Materials/LiberationSans SDF.asset
  artifactKey: Guid(8f586378b4e144a9851e7b34d9b748ee) Importer(815301076,1909f56bfc062723c751e8b465ee728b)
Start importing Assets/TextMesh Pro/Resources/Fonts & Materials/LiberationSans SDF.asset using Guid(8f586378b4e144a9851e7b34d9b748ee) Importer(815301076,1909f56bfc062723c751e8b465ee728b)  -> (artifact id: '35adad8725ad2203b4887d7b549a3f6f') in 0.065303 seconds 
  Import took 0.079211 seconds .

========================================================================
Received Import Request.
  Time since last request: 37.167654 seconds.
  path: Assets/Fonts/Roboto-Thin.ttf
  artifactKey: Guid(3719365194cd35c41a6a714f5323f1fb) Importer(815301076,1909f56bfc062723c751e8b465ee728b)
Start importing Assets/Fonts/Roboto-Thin.ttf using Guid(3719365194cd35c41a6a714f5323f1fb) Importer(815301076,1909f56bfc062723c751e8b465ee728b)  -> (artifact id: '575d6a2c8cb1cdbb8c8f9284fbde6746') in 0.047878 seconds 
  Import took 0.061019 seconds .

========================================================================
Received Import Request.
  Time since last request: 17.540458 seconds.
  path: Assets/TextMesh Pro/Examples & Extras/Resources/Fonts & Materials/Bangers SDF.asset
  artifactKey: Guid(125cb55b44b24c4393181402bc6200e6) Importer(815301076,1909f56bfc062723c751e8b465ee728b)
Start importing Assets/TextMesh Pro/Examples & Extras/Resources/Fonts & Materials/Bangers SDF.asset using Guid(125cb55b44b24c4393181402bc6200e6) Importer(815301076,1909f56bfc062723c751e8b465ee728b)  -> (artifact id: '19a9abb4222e31097e806b3c2cdf2fac') in 0.073779 seconds 
  Import took 0.080829 seconds .

========================================================================
Received Import Request.
  Time since last request: 0.000314 seconds.
  path: Assets/TextMesh Pro/Examples & Extras/Resources/Fonts & Materials/Electronic Highway Sign SDF.asset
  artifactKey: Guid(dc36b3fdc14f47ebb36fd484a67e268a) Importer(815301076,1909f56bfc062723c751e8b465ee728b)
Start importing Assets/TextMesh Pro/Examples & Extras/Resources/Fonts & Materials/Electronic Highway Sign SDF.asset using Guid(dc36b3fdc14f47ebb36fd484a67e268a) Importer(815301076,1909f56bfc062723c751e8b465ee728b)  -> (artifact id: 'c2cd172bdea6300643304f38c5dfb564') in 0.051820 seconds 
  Import took 0.061864 seconds .

========================================================================
Received Import Request.
  Time since last request: 0.000333 seconds.
  path: Assets/TextMesh Pro/Examples & Extras/Resources/Fonts & Materials/Roboto-Bold SDF.asset
  artifactKey: Guid(5302535af1044152a457ed104f1f4b91) Importer(815301076,1909f56bfc062723c751e8b465ee728b)
Start importing Assets/TextMesh Pro/Examples & Extras/Resources/Fonts & Materials/Roboto-Bold SDF.asset using Guid(5302535af1044152a457ed104f1f4b91) Importer(815301076,1909f56bfc062723c751e8b465ee728b)  -> (artifact id: '78617d5f867780f4a2f38c605cabbf79') in 0.091583 seconds 
  Import took 0.104462 seconds .

========================================================================
Received Import Request.
  Time since last request: 0.000370 seconds.
  path: Assets/TextMesh Pro/Examples & Extras/Fonts/Roboto-Bold SDF.asset
  artifactKey: Guid(43ee95241721d504ea20c3698c8c1f36) Importer(815301076,1909f56bfc062723c751e8b465ee728b)
Start importing Assets/TextMesh Pro/Examples & Extras/Fonts/Roboto-Bold SDF.asset using Guid(43ee95241721d504ea20c3698c8c1f36) Importer(815301076,1909f56bfc062723c751e8b465ee728b)  -> (artifact id: '128fcd57d34578b53c54808765831900') in 0.043057 seconds 
  Import took 0.050180 seconds .

========================================================================
Received Import Request.
  Time since last request: 0.000352 seconds.
  path: Assets/TextMesh Pro/Examples & Extras/Resources/Fonts & Materials/Oswald Bold SDF.asset
  artifactKey: Guid(0161d805a3764c089bef00bfe00793f5) Importer(815301076,1909f56bfc062723c751e8b465ee728b)
Start importing Assets/TextMesh Pro/Examples & Extras/Resources/Fonts & Materials/Oswald Bold SDF.asset using Guid(0161d805a3764c089bef00bfe00793f5) Importer(815301076,1909f56bfc062723c751e8b465ee728b)  -> (artifact id: 'a516ef7766c2fdf7d50296722f6bc734') in 0.039334 seconds 
  Import took 0.049099 seconds .

========================================================================
Received Import Request.
  Time since last request: 7.438306 seconds.
  path: Assets/TextMesh Pro/Examples & Extras/Resources/Fonts & Materials/Anton SDF.asset
  artifactKey: Guid(8a89fa14b10d46a99122fd4f73fca9a2) Importer(815301076,1909f56bfc062723c751e8b465ee728b)
Start importing Assets/TextMesh Pro/Examples & Extras/Resources/Fonts & Materials/Anton SDF.asset using Guid(8a89fa14b10d46a99122fd4f73fca9a2) Importer(815301076,1909f56bfc062723c751e8b465ee728b)  -> (artifact id: '8cc530ab3a140dd2dcd2a564d08d0890') in 0.027174 seconds 
  Import took 0.033795 seconds .

========================================================================
Received Import Request.
  Time since last request: 277.238728 seconds.
  path: Assets/Scenes/SampleScene.unity
  artifactKey: Guid(2cda990e2423bbf4892e6590ba056729) Importer(815301076,1909f56bfc062723c751e8b465ee728b)
Start importing Assets/Scenes/SampleScene.unity using Guid(2cda990e2423bbf4892e6590ba056729) Importer(815301076,1909f56bfc062723c751e8b465ee728b)  -> (artifact id: '16573d8e80812986ab40bd957325ddd1') in 0.008717 seconds 
  Import took 0.020015 seconds .

========================================================================
Received Import Request.
  Time since last request: 46.213947 seconds.
  path: Assets/Scenes/End Level.unity
  artifactKey: Guid(7bcb62ef39afbc748a5b86753259b035) Importer(815301076,1909f56bfc062723c751e8b465ee728b)
Start importing Assets/Scenes/End Level.unity using Guid(7bcb62ef39afbc748a5b86753259b035) Importer(815301076,1909f56bfc062723c751e8b465ee728b)  -> (artifact id: 'e5b3191262dba5273e36e5effa1b7978') in 0.003025 seconds 
  Import took 0.023573 seconds .

========================================================================
Received Import Request.
  Time since last request: 218.350130 seconds.
  path: Assets/Scenes/SampleScene.unity
  artifactKey: Guid(2cda990e2423bbf4892e6590ba056729) Importer(815301076,1909f56bfc062723c751e8b465ee728b)
Start importing Assets/Scenes/SampleScene.unity using Guid(2cda990e2423bbf4892e6590ba056729) Importer(815301076,1909f56bfc062723c751e8b465ee728b)  -> (artifact id: 'ec3d314c3bce4558fbf6ead93635dff6') in 0.003419 seconds 
  Import took 0.014001 seconds .

========================================================================
Received Import Request.
  Time since last request: 14.070144 seconds.
  path: Assets/Scenes/End Level.unity
  artifactKey: Guid(7bcb62ef39afbc748a5b86753259b035) Importer(815301076,1909f56bfc062723c751e8b465ee728b)
Start importing Assets/Scenes/End Level.unity using Guid(7bcb62ef39afbc748a5b86753259b035) Importer(815301076,1909f56bfc062723c751e8b465ee728b)  -> (artifact id: 'fdd01a45a993454ef2b0f62589a4f43c') in 0.005403 seconds 
  Import took 0.017492 seconds .

========================================================================
Received Import Request.
  Time since last request: 40.273975 seconds.
  path: Assets/Scripts/UI/EndCredits.cs
  artifactKey: Guid(f49505f637c9a924a91aa9d62942516b) Importer(815301076,1909f56bfc062723c751e8b465ee728b)
Start importing Assets/Scripts/UI/EndCredits.cs using Guid(f49505f637c9a924a91aa9d62942516b) Importer(815301076,1909f56bfc062723c751e8b465ee728b)  -> (artifact id: 'c822bb6be2c6c0eafaf2416211acad2a') in 0.017927 seconds 
  Import took 0.028608 seconds .

========================================================================
Received Import Request.
  Time since last request: 123.548434 seconds.
  path: Assets/Scripts/UI/EndCredits.cs
  artifactKey: Guid(f49505f637c9a924a91aa9d62942516b) Importer(815301076,1909f56bfc062723c751e8b465ee728b)
Start importing Assets/Scripts/UI/EndCredits.cs using Guid(f49505f637c9a924a91aa9d62942516b) Importer(815301076,1909f56bfc062723c751e8b465ee728b)  -> (artifact id: 'c049eddc6a1866721c9f31108660bc73') in 0.003248 seconds 
  Import took 0.012427 seconds .

========================================================================
Received Prepare
Registering precompiled user dll's ...
Registered in 0.011636 seconds.
Begin MonoManager ReloadAssembly
Native extension for WindowsStandalone target not found
Native extension for WebGL target not found
Refreshing native plugins compatible for Editor in 0.94 ms, found 3 plugins.
Preloading 0 native plugins for Editor in 0.00 ms.
Mono: successfully reloaded assembly
- Completed reload, in  1.523 seconds
Domain Reload Profiling:
	ReloadAssembly (1524ms)
		BeginReloadAssembly (203ms)
			ExecutionOrderSort (0ms)
			DisableScriptedObjects (12ms)
			BackupInstance (0ms)
			ReleaseScriptingObjects (0ms)
			CreateAndSetChildDomain (60ms)
		EndReloadAssembly (1238ms)
			LoadAssemblies (120ms)
			RebuildTransferFunctionScriptingTraits (0ms)
			SetupTypeCache (479ms)
			ReleaseScriptCaches (2ms)
			RebuildScriptCaches (75ms)
			SetupLoadedEditorAssemblies (396ms)
				LogAssemblyErrors (0ms)
				InitializePlatformSupportModulesInManaged (7ms)
				SetLoadedEditorAssemblies (0ms)
				RefreshPlugins (1ms)
				BeforeProcessingInitializeOnLoad (117ms)
				ProcessInitializeOnLoadAttributes (245ms)
				ProcessInitializeOnLoadMethodAttributes (20ms)
				AfterProcessingInitializeOnLoad (5ms)
				EditorAssembliesLoaded (0ms)
			ExecutionOrderSort2 (0ms)
			AwakeInstancesAfterBackupRestoration (22ms)
Platform modules already initialized, skipping
Refreshing native plugins compatible for Editor in 0.96 ms, found 3 plugins.
Preloading 0 native plugins for Editor in 0.00 ms.
Unloading 3765 Unused Serialized files (Serialized files now loaded: 0)
System memory in use before: 162.9 MB.
System memory in use after: 163.1 MB.

Unloading 20 unused Assets to reduce memory usage. Loaded Objects now: 4419.
Total: 5.649600 ms (FindLiveObjects: 0.240400 ms CreateObjectMapping: 0.103900 ms MarkObjects: 5.264000 ms  DeleteObjects: 0.039000 ms)

AssetImportParameters requested are different than current active one (requested -> active):
  custom:framework-win-MediaFoundation: 216162199b28c13a410421893ffa2e32 -> 
  custom:video-decoder-ogg-theora: a1e56fd34408186e4bbccfd4996cb3dc -> 
  custom:container-muxer-webm: aa71ff27fc2769a1b78a27578f13a17b -> 
  custom:container-demuxer-webm: 4f35f7cbe854078d1ac9338744f61a02 -> 
  custom:container-demuxer-ogg: 62fdf1f143b41e24485cea50d1cbac27 -> 
  custom:video-encoder-webm-vp8: eb34c28f22e8b96e1ab97ce403110664 -> 
  custom:video-codec-MediaFoundation-h265: 746d11721c4dcdbdad8f713fa42b33f4 -> 
  custom:video-decoder-webm-vp8: 9c59270c3fd7afecdb556c50c9e8de78 -> 
  custom:audio-decoder-ogg-vorbis: bf7c407c2cedff20999df2af8eb42d56 -> 
  custom:audio-encoder-webm-vorbis: bf7c407c2cedff20999df2af8eb42d56 -> 
========================================================================
Received Import Request.
  Time since last request: 28.103004 seconds.
  path: Assets/Scripts/UI/MainMenu.cs
  artifactKey: Guid(3938f4092e9d90b4ab1f898828846b4b) Importer(815301076,1909f56bfc062723c751e8b465ee728b)
Start importing Assets/Scripts/UI/MainMenu.cs using Guid(3938f4092e9d90b4ab1f898828846b4b) Importer(815301076,1909f56bfc062723c751e8b465ee728b)  -> (artifact id: '44c5884813d0325345e12d2b8f4a99a8') in 0.020902 seconds 
  Import took 0.031812 seconds .

========================================================================
Received Prepare
Registering precompiled user dll's ...
Registered in 0.015453 seconds.
Begin MonoManager ReloadAssembly
Native extension for WindowsStandalone target not found
Native extension for WebGL target not found
Refreshing native plugins compatible for Editor in 1.50 ms, found 3 plugins.
Preloading 0 native plugins for Editor in 0.00 ms.
Mono: successfully reloaded assembly
- Completed reload, in  1.574 seconds
Domain Reload Profiling:
	ReloadAssembly (1574ms)
		BeginReloadAssembly (172ms)
			ExecutionOrderSort (0ms)
			DisableScriptedObjects (6ms)
			BackupInstance (0ms)
			ReleaseScriptingObjects (0ms)
			CreateAndSetChildDomain (76ms)
		EndReloadAssembly (1353ms)
			LoadAssemblies (114ms)
			RebuildTransferFunctionScriptingTraits (0ms)
			SetupTypeCache (415ms)
			ReleaseScriptCaches (2ms)
			RebuildScriptCaches (66ms)
			SetupLoadedEditorAssemblies (490ms)
				LogAssemblyErrors (0ms)
				InitializePlatformSupportModulesInManaged (9ms)
				SetLoadedEditorAssemblies (1ms)
				RefreshPlugins (2ms)
				BeforeProcessingInitializeOnLoad (108ms)
				ProcessInitializeOnLoadAttributes (339ms)
				ProcessInitializeOnLoadMethodAttributes (20ms)
				AfterProcessingInitializeOnLoad (11ms)
				EditorAssembliesLoaded (0ms)
			ExecutionOrderSort2 (0ms)
			AwakeInstancesAfterBackupRestoration (35ms)
Platform modules already initialized, skipping
Refreshing native plugins compatible for Editor in 0.93 ms, found 3 plugins.
Preloading 0 native plugins for Editor in 0.00 ms.
Unloading 3765 Unused Serialized files (Serialized files now loaded: 0)
System memory in use before: 163.0 MB.
System memory in use after: 163.2 MB.

Unloading 20 unused Assets to reduce memory usage. Loaded Objects now: 4421.
Total: 3.900500 ms (FindLiveObjects: 0.262500 ms CreateObjectMapping: 0.099600 ms MarkObjects: 3.501200 ms  DeleteObjects: 0.035800 ms)

AssetImportParameters requested are different than current active one (requested -> active):
  custom:framework-win-MediaFoundation: 216162199b28c13a410421893ffa2e32 -> 
  custom:video-decoder-ogg-theora: a1e56fd34408186e4bbccfd4996cb3dc -> 
  custom:container-muxer-webm: aa71ff27fc2769a1b78a27578f13a17b -> 
  custom:container-demuxer-webm: 4f35f7cbe854078d1ac9338744f61a02 -> 
  custom:container-demuxer-ogg: 62fdf1f143b41e24485cea50d1cbac27 -> 
  custom:video-encoder-webm-vp8: eb34c28f22e8b96e1ab97ce403110664 -> 
  custom:video-codec-MediaFoundation-h265: 746d11721c4dcdbdad8f713fa42b33f4 -> 
  custom:video-decoder-webm-vp8: 9c59270c3fd7afecdb556c50c9e8de78 -> 
  custom:audio-decoder-ogg-vorbis: bf7c407c2cedff20999df2af8eb42d56 -> 
  custom:audio-encoder-webm-vorbis: bf7c407c2cedff20999df2af8eb42d56 -> 
========================================================================
Received Prepare
Registering precompiled user dll's ...
Registered in 0.004539 seconds.
Begin MonoManager ReloadAssembly
Native extension for WindowsStandalone target not found
Native extension for WebGL target not found
Refreshing native plugins compatible for Editor in 3.86 ms, found 3 plugins.
Preloading 0 native plugins for Editor in 0.00 ms.
Mono: successfully reloaded assembly
- Completed reload, in  1.614 seconds
Domain Reload Profiling:
	ReloadAssembly (1615ms)
		BeginReloadAssembly (205ms)
			ExecutionOrderSort (0ms)
			DisableScriptedObjects (16ms)
			BackupInstance (0ms)
			ReleaseScriptingObjects (0ms)
			CreateAndSetChildDomain (70ms)
		EndReloadAssembly (1339ms)
			LoadAssemblies (159ms)
			RebuildTransferFunctionScriptingTraits (0ms)
			SetupTypeCache (481ms)
			ReleaseScriptCaches (2ms)
			RebuildScriptCaches (59ms)
			SetupLoadedEditorAssemblies (475ms)
				LogAssemblyErrors (0ms)
				InitializePlatformSupportModulesInManaged (5ms)
				SetLoadedEditorAssemblies (1ms)
				RefreshPlugins (4ms)
				BeforeProcessingInitializeOnLoad (120ms)
				ProcessInitializeOnLoadAttributes (322ms)
				ProcessInitializeOnLoadMethodAttributes (16ms)
				AfterProcessingInitializeOnLoad (6ms)
				EditorAssembliesLoaded (0ms)
			ExecutionOrderSort2 (0ms)
			AwakeInstancesAfterBackupRestoration (21ms)
Platform modules already initialized, skipping
Refreshing native plugins compatible for Editor in 0.94 ms, found 3 plugins.
Preloading 0 native plugins for Editor in 0.00 ms.
Unloading 3765 Unused Serialized files (Serialized files now loaded: 0)
System memory in use before: 163.0 MB.
System memory in use after: 163.2 MB.

Unloading 20 unused Assets to reduce memory usage. Loaded Objects now: 4423.
Total: 4.798400 ms (FindLiveObjects: 0.311400 ms CreateObjectMapping: 0.193200 ms MarkObjects: 4.265000 ms  DeleteObjects: 0.027600 ms)

AssetImportParameters requested are different than current active one (requested -> active):
  custom:framework-win-MediaFoundation: 216162199b28c13a410421893ffa2e32 -> 
  custom:video-decoder-ogg-theora: a1e56fd34408186e4bbccfd4996cb3dc -> 
  custom:container-muxer-webm: aa71ff27fc2769a1b78a27578f13a17b -> 
  custom:container-demuxer-webm: 4f35f7cbe854078d1ac9338744f61a02 -> 
  custom:container-demuxer-ogg: 62fdf1f143b41e24485cea50d1cbac27 -> 
  custom:video-encoder-webm-vp8: eb34c28f22e8b96e1ab97ce403110664 -> 
  custom:video-codec-MediaFoundation-h265: 746d11721c4dcdbdad8f713fa42b33f4 -> 
  custom:video-decoder-webm-vp8: 9c59270c3fd7afecdb556c50c9e8de78 -> 
  custom:audio-decoder-ogg-vorbis: bf7c407c2cedff20999df2af8eb42d56 -> 
  custom:audio-encoder-webm-vorbis: bf7c407c2cedff20999df2af8eb42d56 -> 
========================================================================
Received Prepare
Registering precompiled user dll's ...
Registered in 0.005818 seconds.
Begin MonoManager ReloadAssembly
Native extension for WindowsStandalone target not found
Native extension for WebGL target not found
Refreshing native plugins compatible for Editor in 1.41 ms, found 3 plugins.
Preloading 0 native plugins for Editor in 0.00 ms.
Mono: successfully reloaded assembly
- Completed reload, in  1.717 seconds
Domain Reload Profiling:
	ReloadAssembly (1718ms)
		BeginReloadAssembly (151ms)
			ExecutionOrderSort (0ms)
			DisableScriptedObjects (6ms)
			BackupInstance (0ms)
			ReleaseScriptingObjects (0ms)
			CreateAndSetChildDomain (60ms)
		EndReloadAssembly (1504ms)
			LoadAssemblies (104ms)
			RebuildTransferFunctionScriptingTraits (0ms)
			SetupTypeCache (447ms)
			ReleaseScriptCaches (3ms)
			RebuildScriptCaches (81ms)
			SetupLoadedEditorAssemblies (673ms)
				LogAssemblyErrors (0ms)
				InitializePlatformSupportModulesInManaged (8ms)
				SetLoadedEditorAssemblies (1ms)
				RefreshPlugins (2ms)
				BeforeProcessingInitializeOnLoad (203ms)
				ProcessInitializeOnLoadAttributes (430ms)
				ProcessInitializeOnLoadMethodAttributes (19ms)
				AfterProcessingInitializeOnLoad (9ms)
				EditorAssembliesLoaded (0ms)
			ExecutionOrderSort2 (0ms)
			AwakeInstancesAfterBackupRestoration (35ms)
Platform modules already initialized, skipping
Refreshing native plugins compatible for Editor in 0.89 ms, found 3 plugins.
Preloading 0 native plugins for Editor in 0.00 ms.
Unloading 3765 Unused Serialized files (Serialized files now loaded: 0)
System memory in use before: 163.0 MB.
System memory in use after: 163.3 MB.

Unloading 20 unused Assets to reduce memory usage. Loaded Objects now: 4425.
Total: 5.484600 ms (FindLiveObjects: 0.251000 ms CreateObjectMapping: 0.107800 ms MarkObjects: 5.091300 ms  DeleteObjects: 0.033300 ms)

AssetImportParameters requested are different than current active one (requested -> active):
  custom:framework-win-MediaFoundation: 216162199b28c13a410421893ffa2e32 -> 
  custom:video-decoder-ogg-theora: a1e56fd34408186e4bbccfd4996cb3dc -> 
  custom:container-muxer-webm: aa71ff27fc2769a1b78a27578f13a17b -> 
  custom:container-demuxer-webm: 4f35f7cbe854078d1ac9338744f61a02 -> 
  custom:container-demuxer-ogg: 62fdf1f143b41e24485cea50d1cbac27 -> 
  custom:video-encoder-webm-vp8: eb34c28f22e8b96e1ab97ce403110664 -> 
  custom:video-codec-MediaFoundation-h265: 746d11721c4dcdbdad8f713fa42b33f4 -> 
  custom:video-decoder-webm-vp8: 9c59270c3fd7afecdb556c50c9e8de78 -> 
  custom:audio-decoder-ogg-vorbis: bf7c407c2cedff20999df2af8eb42d56 -> 
  custom:audio-encoder-webm-vorbis: bf7c407c2cedff20999df2af8eb42d56 -> 
========================================================================
Received Prepare
Registering precompiled user dll's ...
Registered in 0.004473 seconds.
Begin MonoManager ReloadAssembly
Native extension for WindowsStandalone target not found
Native extension for WebGL target not found
Refreshing native plugins compatible for Editor in 0.81 ms, found 3 plugins.
Preloading 0 native plugins for Editor in 0.00 ms.
Mono: successfully reloaded assembly
- Completed reload, in  1.384 seconds
Domain Reload Profiling:
	ReloadAssembly (1385ms)
		BeginReloadAssembly (103ms)
			ExecutionOrderSort (0ms)
			DisableScriptedObjects (7ms)
			BackupInstance (0ms)
			ReleaseScriptingObjects (0ms)
			CreateAndSetChildDomain (34ms)
		EndReloadAssembly (1215ms)
			LoadAssemblies (89ms)
			RebuildTransferFunctionScriptingTraits (0ms)
			SetupTypeCache (454ms)
			ReleaseScriptCaches (2ms)
			RebuildScriptCaches (95ms)
			SetupLoadedEditorAssemblies (391ms)
				LogAssemblyErrors (0ms)
				InitializePlatformSupportModulesInManaged (7ms)
				SetLoadedEditorAssemblies (1ms)
				RefreshPlugins (1ms)
				BeforeProcessingInitializeOnLoad (90ms)
				ProcessInitializeOnLoadAttributes (272ms)
				ProcessInitializeOnLoadMethodAttributes (14ms)
				AfterProcessingInitializeOnLoad (6ms)
				EditorAssembliesLoaded (0ms)
			ExecutionOrderSort2 (0ms)
			AwakeInstancesAfterBackupRestoration (21ms)
Platform modules already initialized, skipping
Refreshing native plugins compatible for Editor in 0.86 ms, found 3 plugins.
Preloading 0 native plugins for Editor in 0.00 ms.
Unloading 3765 Unused Serialized files (Serialized files now loaded: 0)
System memory in use before: 163.0 MB.
System memory in use after: 163.3 MB.

Unloading 20 unused Assets to reduce memory usage. Loaded Objects now: 4427.
Total: 5.626500 ms (FindLiveObjects: 0.238900 ms CreateObjectMapping: 0.102100 ms MarkObjects: 5.234100 ms  DeleteObjects: 0.049900 ms)

AssetImportParameters requested are different than current active one (requested -> active):
  custom:framework-win-MediaFoundation: 216162199b28c13a410421893ffa2e32 -> 
  custom:video-decoder-ogg-theora: a1e56fd34408186e4bbccfd4996cb3dc -> 
  custom:container-muxer-webm: aa71ff27fc2769a1b78a27578f13a17b -> 
  custom:container-demuxer-webm: 4f35f7cbe854078d1ac9338744f61a02 -> 
  custom:container-demuxer-ogg: 62fdf1f143b41e24485cea50d1cbac27 -> 
  custom:video-encoder-webm-vp8: eb34c28f22e8b96e1ab97ce403110664 -> 
  custom:video-codec-MediaFoundation-h265: 746d11721c4dcdbdad8f713fa42b33f4 -> 
  custom:video-decoder-webm-vp8: 9c59270c3fd7afecdb556c50c9e8de78 -> 
  custom:audio-decoder-ogg-vorbis: bf7c407c2cedff20999df2af8eb42d56 -> 
  custom:audio-encoder-webm-vorbis: bf7c407c2cedff20999df2af8eb42d56 -> 
AssetImportWorkerClient::OnTransportError - code=2 error=End of file
